dez 13, 2023 3:57:46 PM biz.ganttproject.LoggerImpl debug
DETALHADO: Creating main frame...
dez 13, 2023 3:57:46 PM biz.ganttproject.LoggerImpl debug
DETALHADO: 1. loading look'n'feels
dez 13, 2023 3:57:46 PM biz.ganttproject.LoggerImpl debug
DETALHADO: 2. loading options
dez 13, 2023 3:57:46 PM biz.ganttproject.LoggerImpl debug
DETALHADO: 3. creating menus...
dez 13, 2023 3:57:46 PM biz.ganttproject.LoggerImpl debug
DETALHADO: 4. creating views...
dez 13, 2023 3:57:47 PM biz.ganttproject.LoggerImpl debug
DETALHADO: 5. calculating size and packing...
dez 13, 2023 3:57:47 PM biz.ganttproject.LoggerImpl debug
DETALHADO: 6. changing language ...
dez 13, 2023 3:57:47 PM biz.ganttproject.LoggerImpl debug
DETALHADO: 7. first attempt to restore bounds
dez 13, 2023 3:57:47 PM biz.ganttproject.LoggerImpl debug
DETALHADO: 8. finalizing...
dez 13, 2023 3:58:05 PM com.bardsoftware.eclipsito.update.DownloadWorker downloadZip
INFORMA합ES: Will download 15351580 bytes and save as file C:\Users\IFSUL\AppData\Local\Temp\ganttproject-update3359299302420179682zip
dez 13, 2023 3:58:13 PM com.bardsoftware.eclipsito.update.DownloadWorker downloadZip
INFORMA합ES: Will download 15389571 bytes and save as file C:\Users\IFSUL\AppData\Local\Temp\ganttproject-update3858038004975560476zip
dez 13, 2023 3:58:17 PM com.bardsoftware.eclipsito.update.DownloadWorker downloadZip
INFORMA합ES: Will download 8572340 bytes and save as file C:\Users\IFSUL\AppData\Local\Temp\ganttproject-update5860080771307291987zip
dez 13, 2023 3:58:26 PM net.sourceforge.ganttproject.GPLogger log
INFORMA합ES: [GanttOptions] save(): finished!!
dez 13, 2023 3:58:27 PM biz.ganttproject.LoggerImpl debug
DETALHADO: Creating main frame...
dez 13, 2023 3:58:27 PM biz.ganttproject.LoggerImpl debug
DETALHADO: 1. loading look'n'feels
dez 13, 2023 3:58:27 PM biz.ganttproject.LoggerImpl debug
DETALHADO: 2. loading options
dez 13, 2023 3:58:27 PM biz.ganttproject.LoggerImpl debug
DETALHADO: 3. creating menus...
dez 13, 2023 3:58:28 PM biz.ganttproject.LoggerImpl debug
DETALHADO: 4. creating views...
dez 13, 2023 3:58:28 PM biz.ganttproject.LoggerImpl debug
DETALHADO: 5. calculating size and packing...
dez 13, 2023 3:58:28 PM biz.ganttproject.LoggerImpl debug
DETALHADO: 6. changing language ...
dez 13, 2023 3:58:28 PM biz.ganttproject.LoggerImpl debug
DETALHADO: 7. first attempt to restore bounds
dez 13, 2023 3:58:28 PM biz.ganttproject.LoggerImpl debug
DETALHADO: 8. finalizing...
dez 13, 2023 3:58:29 PM net.sourceforge.ganttproject.GPLogger log
INFORMA합ES: Deleting old auto-save files
dez 13, 2023 3:58:35 PM net.sourceforge.ganttproject.GPLogger log
INFORMA합ES: [GanttOptions] save(): finished!!
dez 14, 2023 3:39:43 PM biz.ganttproject.LoggerImpl debug
DETALHADO: Creating main frame...
dez 14, 2023 3:39:43 PM biz.ganttproject.LoggerImpl debug
DETALHADO: 1. loading look'n'feels
dez 14, 2023 3:39:43 PM biz.ganttproject.LoggerImpl debug
DETALHADO: 2. loading options
dez 14, 2023 3:39:43 PM biz.ganttproject.LoggerImpl debug
DETALHADO: 3. creating menus...
dez 14, 2023 3:39:44 PM biz.ganttproject.LoggerImpl debug
DETALHADO: 4. creating views...
dez 14, 2023 3:39:44 PM biz.ganttproject.LoggerImpl debug
DETALHADO: 5. calculating size and packing...
dez 14, 2023 3:39:44 PM biz.ganttproject.LoggerImpl debug
DETALHADO: 6. changing language ...
dez 14, 2023 3:39:44 PM biz.ganttproject.LoggerImpl debug
DETALHADO: 7. first attempt to restore bounds
dez 14, 2023 3:39:44 PM biz.ganttproject.LoggerImpl debug
DETALHADO: 8. finalizing...
dez 14, 2023 3:39:45 PM net.sourceforge.ganttproject.GPLogger log
INFORMA합ES: [GanttOptions] save(): finished!!
dez 14, 2023 3:39:45 PM net.sourceforge.ganttproject.GPLogger log
INFORMA합ES: Deleting old auto-save files
dez 14, 2023 3:39:50 PM net.sourceforge.ganttproject.GPLogger log
INFORMA합ES: [GanttOptions] save(): finished!!
dez 20, 2023 7:17:55 PM biz.ganttproject.LoggerImpl debug
DETALHADO: Creating main frame...
dez 20, 2023 7:17:55 PM biz.ganttproject.LoggerImpl debug
DETALHADO: 1. loading look'n'feels
dez 20, 2023 7:17:56 PM biz.ganttproject.LoggerImpl debug
DETALHADO: 2. loading options
dez 20, 2023 7:17:56 PM biz.ganttproject.LoggerImpl debug
DETALHADO: 3. creating menus...
dez 20, 2023 7:17:57 PM biz.ganttproject.LoggerImpl debug
DETALHADO: 4. creating views...
dez 20, 2023 7:17:57 PM biz.ganttproject.LoggerImpl debug
DETALHADO: 5. calculating size and packing...
dez 20, 2023 7:17:57 PM biz.ganttproject.LoggerImpl debug
DETALHADO: 6. changing language ...
dez 20, 2023 7:17:57 PM biz.ganttproject.LoggerImpl debug
DETALHADO: 7. first attempt to restore bounds
dez 20, 2023 7:17:57 PM biz.ganttproject.LoggerImpl debug
DETALHADO: 8. finalizing...
dez 20, 2023 7:17:58 PM net.sourceforge.ganttproject.GPLogger log
INFORMA합ES: Starting RSS check...
dez 20, 2023 7:17:58 PM net.sourceforge.ganttproject.GPLogger log
INFORMA합ES: Deleting old auto-save files
dez 20, 2023 7:18:00 PM net.sourceforge.ganttproject.GPLogger log
INFORMA합ES: RSS check finished
dez 20, 2023 7:18:00 PM net.sourceforge.ganttproject.GPLogger log
INFORMA합ES: [GanttOptions] save(): finished!!
dez 20, 2023 7:18:02 PM net.sourceforge.ganttproject.GPLogger log
INFORMA합ES: [GanttOptions] save(): finished!!
mar 05, 2024 12:42:45 AM biz.ganttproject.LoggerImpl debug
DETALHADO: Creating main frame...
mar 05, 2024 12:42:45 AM biz.ganttproject.LoggerImpl debug
DETALHADO: 1. loading look'n'feels
mar 05, 2024 12:42:45 AM biz.ganttproject.LoggerImpl debug
DETALHADO: 2. loading options
mar 05, 2024 12:42:45 AM biz.ganttproject.LoggerImpl debug
DETALHADO: 3. creating menus...
mar 05, 2024 12:42:46 AM biz.ganttproject.LoggerImpl debug
DETALHADO: 4. creating views...
mar 05, 2024 12:42:46 AM biz.ganttproject.LoggerImpl debug
DETALHADO: 5. calculating size and packing...
mar 05, 2024 12:42:46 AM biz.ganttproject.LoggerImpl debug
DETALHADO: 6. changing language ...
mar 05, 2024 12:42:46 AM biz.ganttproject.LoggerImpl debug
DETALHADO: 7. first attempt to restore bounds
mar 05, 2024 12:42:46 AM biz.ganttproject.LoggerImpl debug
DETALHADO: 8. finalizing...
mar 05, 2024 12:42:47 AM net.sourceforge.ganttproject.GPLogger log
INFORMA합ES: Starting RSS check...
mar 05, 2024 12:42:47 AM net.sourceforge.ganttproject.GPLogger log
INFORMA합ES: Deleting old auto-save files
mar 05, 2024 12:42:49 AM net.sourceforge.ganttproject.GPLogger log
INFORMA합ES: RSS check finished
mar 05, 2024 12:42:49 AM net.sourceforge.ganttproject.GPLogger log
INFORMA합ES: [GanttOptions] save(): finished!!
mar 05, 2024 12:43:07 AM net.sourceforge.ganttproject.GPLogger log
INFORMA합ES: [GanttOptions] save(): finished!!
